[0.056s] Invoking command in '/home/npastore/WAChallengeWorkspace/build/merge_arrays': CMAKE_PREFIX_PATH=/opt/ros/humble WSLENV=ELECTRON_RUN_AS_NODE/w: /usr/bin/cmake --build /home/npastore/WAChallengeWorkspace/build/merge_arrays -- -j20 -l20
[0.079s] -- Found ament_cmake: 1.3.7 (/opt/ros/humble/share/ament_cmake/cmake)
[0.284s] -- Found rclcpp: 16.0.8 (/opt/ros/humble/share/rclcpp/cmake)
[0.750s] -- Found rosidl_generator_c: 3.1.5 (/opt/ros/humble/share/rosidl_generator_c/cmake)
[0.761s] -- Found rosidl_adapter: 3.1.5 (/opt/ros/humble/share/rosidl_adapter/cmake)
[0.780s] -- Found rosidl_generator_cpp: 3.1.5 (/opt/ros/humble/share/rosidl_generator_cpp/cmake)
[0.812s] -- Using all available rosidl_typesupport_c: rosidl_typesupport_fastrtps_c;rosidl_typesupport_introspection_c
[0.851s] -- Using all available rosidl_typesupport_cpp: rosidl_typesupport_fastrtps_cpp;rosidl_typesupport_introspection_cpp
[0.971s] -- Found rmw_implementation_cmake: 6.1.1 (/opt/ros/humble/share/rmw_implementation_cmake/cmake)
[0.975s] -- Found rmw_fastrtps_cpp: 6.2.6 (/opt/ros/humble/share/rmw_fastrtps_cpp/cmake)
[4.732s] -- Found OpenSSL: /usr/lib/x86_64-linux-gnu/libcrypto.so (found version "3.0.2")  
[8.473s] -- Found FastRTPS: /opt/ros/humble/include  
[15.270s] -- Using RMW implementation 'rmw_fastrtps_cpp' as default
[15.301s] -- Looking for pthread.h
[15.642s] -- Looking for pthread.h - found
[15.642s] -- Performing Test CMAKE_HAVE_LIBC_PTHREAD
[15.931s] -- Performing Test CMAKE_HAVE_LIBC_PTHREAD - Success
[15.932s] -- Found Threads: TRUE  
[16.187s] -- Found ament_lint_auto: 0.12.10 (/opt/ros/humble/share/ament_lint_auto/cmake)
[16.268s] -- Added test 'cppcheck' to perform static code analysis on C / C++ code
[16.268s] -- Configured cppcheck include dirs: $<BUILD_INTERFACE:/home/npastore/WAChallengeWorkspace/src/merge_arrays/include>
[16.268s] -- Configured cppcheck exclude dirs and/or files: 
[16.268s] -- Added test 'lint_cmake' to check CMake code style
[16.270s] -- Added test 'uncrustify' to check C / C++ code style
[16.270s] -- Configured uncrustify additional arguments: 
[16.271s] -- Added test 'xmllint' to check XML markup files
[16.276s] -- Configuring done
[16.281s] -- Generating done
[16.283s] -- Build files have been written to: /home/npastore/WAChallengeWorkspace/build/merge_arrays
[16.316s] [ 50%] [32mBuilding CXX object CMakeFiles/merge_arrays_node.dir/src/merge_arrays_node.cpp.o[0m
[16.378s] [01m[K/home/npastore/WAChallengeWorkspace/src/merge_arrays/src/merge_arrays_node.cpp:6:10:[m[K [01;31m[Kfatal error: [m[Kstd_msgs/msg/string.hpp: No such file or directory
[16.378s]     6 | #include [01;31m[K"std_msgs/msg/string.hpp"[m[K
[16.379s]       |          [01;31m[K^~~~~~~~~~~~~~~~~~~~~~~~~[m[K
[16.379s] compilation terminated.
[16.382s] gmake[2]: *** [CMakeFiles/merge_arrays_node.dir/build.make:76: CMakeFiles/merge_arrays_node.dir/src/merge_arrays_node.cpp.o] Error 1
[16.382s] gmake[1]: *** [CMakeFiles/Makefile2:137: CMakeFiles/merge_arrays_node.dir/all] Error 2
[16.382s] gmake: *** [Makefile:146: all] Error 2
[16.386s] Invoked command in '/home/npastore/WAChallengeWorkspace/build/merge_arrays' returned '2': CMAKE_PREFIX_PATH=/opt/ros/humble WSLENV=ELECTRON_RUN_AS_NODE/w: /usr/bin/cmake --build /home/npastore/WAChallengeWorkspace/build/merge_arrays -- -j20 -l20
