[0.094s] Invoking command in '/home/npastore/WAChallengeWorkspace/build/merge_arrays': CMAKE_PREFIX_PATH=/opt/ros/humble WSLENV=ELECTRON_RUN_AS_NODE/w: /usr/bin/cmake --build /home/npastore/WAChallengeWorkspace/build/merge_arrays -- -j20 -l20
[0.148s] [35m[1mConsolidate compiler generated dependencies of target merge_arrays_node[0m
[0.179s] [ 50%] [32mBuilding CXX object CMakeFiles/merge_arrays_node.dir/src/merge_arrays_node.cpp.o[0m
[3.396s] In file included from [01m[K/opt/ros/humble/include/rclcpp/rclcpp/logging.hpp:24[m[K,
[3.396s]                  from [01m[K/opt/ros/humble/include/rclcpp/rclcpp/client.hpp:40[m[K,
[3.396s]                  from [01m[K/opt/ros/humble/include/rclcpp/rclcpp/callback_group.hpp:24[m[K,
[3.397s]                  from [01m[K/opt/ros/humble/include/rclcpp/rclcpp/any_executable.hpp:20[m[K,
[3.397s]                  from [01m[K/opt/ros/humble/include/rclcpp/rclcpp/memory_strategy.hpp:25[m[K,
[3.397s]                  from [01m[K/opt/ros/humble/include/rclcpp/rclcpp/memory_strategies.hpp:18[m[K,
[3.397s]                  from [01m[K/opt/ros/humble/include/rclcpp/rclcpp/executor_options.hpp:20[m[K,
[3.397s]                  from [01m[K/opt/ros/humble/include/rclcpp/rclcpp/executor.hpp:37[m[K,
[3.397s]                  from [01m[K/opt/ros/humble/include/rclcpp/rclcpp/executors/multi_threaded_executor.hpp:25[m[K,
[3.397s]                  from [01m[K/opt/ros/humble/include/rclcpp/rclcpp/executors.hpp:21[m[K,
[3.397s]                  from [01m[K/opt/ros/humble/include/rclcpp/rclcpp/rclcpp.hpp:155[m[K,
[3.397s]                  from [01m[K/home/npastore/WAChallengeWorkspace/src/merge_arrays/src/merge_arrays_node.cpp:6[m[K:
[3.397s] [01m[K/home/npastore/WAChallengeWorkspace/src/merge_arrays/src/merge_arrays_node.cpp:[m[K In member function â€˜[01m[Kvoid merge_arrays_node::merge()[m[Kâ€™:
[3.397s] [01m[K/home/npastore/WAChallengeWorkspace/src/merge_arrays/src/merge_arrays_node.cpp:72:70:[m[K [01;31m[Kerror: [m[Kinvalid use of non-static member function â€˜[01m[Kconst _CharT* std::__cxx11::basic_string<_CharT, _Traits, _Alloc>::c_str() const [with _CharT = char; _Traits = std::char_traits<char>; _Alloc = std::allocator<char>][m[Kâ€™
[3.397s]    72 |       RCLCPP_INFO(this->get_logger(), "Publishing: '%s'", [01;31m[Kvector_str.c_str[m[K);
[3.397s]       |                                                           [01;31m[K~~~~~~~~~~~^~~~~[m[K
[3.398s] In file included from [01m[K/usr/include/c++/11/string:55[m[K,
[3.398s]                  from [01m[K/home/npastore/WAChallengeWorkspace/src/merge_arrays/src/merge_arrays_node.cpp:4[m[K:
[3.398s] [01m[K/usr/include/c++/11/bits/basic_string.h:2320:7:[m[K [01;36m[Knote: [m[Kdeclared here
[3.398s]  2320 |       [01;36m[Kc_str[m[K() const _GLIBCXX_NOEXCEPT
[3.398s]       |       [01;36m[K^~~~~[m[K
[6.561s] gmake[2]: *** [CMakeFiles/merge_arrays_node.dir/build.make:76: CMakeFiles/merge_arrays_node.dir/src/merge_arrays_node.cpp.o] Error 1
[6.561s] gmake[1]: *** [CMakeFiles/Makefile2:137: CMakeFiles/merge_arrays_node.dir/all] Error 2
[6.562s] gmake: *** [Makefile:146: all] Error 2
[6.565s] Invoked command in '/home/npastore/WAChallengeWorkspace/build/merge_arrays' returned '2': CMAKE_PREFIX_PATH=/opt/ros/humble WSLENV=ELECTRON_RUN_AS_NODE/w: /usr/bin/cmake --build /home/npastore/WAChallengeWorkspace/build/merge_arrays -- -j20 -l20
