[0.068s] Invoking command in '/home/npastore/WAChallengeWorkspace/build/merge_arrays': CMAKE_PREFIX_PATH=/opt/ros/humble WSLENV=ELECTRON_RUN_AS_NODE/w: /usr/bin/cmake --build /home/npastore/WAChallengeWorkspace/build/merge_arrays -- -j20 -l20
[0.096s] -- Found ament_cmake: 1.3.7 (/opt/ros/humble/share/ament_cmake/cmake)
[0.311s] -- Found rclcpp: 16.0.8 (/opt/ros/humble/share/rclcpp/cmake)
[0.643s] -- Found rosidl_generator_c: 3.1.5 (/opt/ros/humble/share/rosidl_generator_c/cmake)
[0.646s] -- Found rosidl_adapter: 3.1.5 (/opt/ros/humble/share/rosidl_adapter/cmake)
[0.655s] -- Found rosidl_generator_cpp: 3.1.5 (/opt/ros/humble/share/rosidl_generator_cpp/cmake)
[0.669s] -- Using all available rosidl_typesupport_c: rosidl_typesupport_fastrtps_c;rosidl_typesupport_introspection_c
[0.684s] -- Using all available rosidl_typesupport_cpp: rosidl_typesupport_fastrtps_cpp;rosidl_typesupport_introspection_cpp
[0.768s] -- Found rmw_implementation_cmake: 6.1.1 (/opt/ros/humble/share/rmw_implementation_cmake/cmake)
[0.770s] -- Found rmw_fastrtps_cpp: 6.2.6 (/opt/ros/humble/share/rmw_fastrtps_cpp/cmake)
[20.083s] -- Using RMW implementation 'rmw_fastrtps_cpp' as default
[20.306s] -- Found ament_lint_auto: 0.12.10 (/opt/ros/humble/share/ament_lint_auto/cmake)
[20.386s] -- Added test 'cppcheck' to perform static code analysis on C / C++ code
[20.387s] -- Configured cppcheck include dirs: $<BUILD_INTERFACE:/home/npastore/WAChallengeWorkspace/src/merge_arrays/include>
[20.387s] -- Configured cppcheck exclude dirs and/or files: 
[20.387s] -- Added test 'lint_cmake' to check CMake code style
[20.388s] -- Added test 'uncrustify' to check C / C++ code style
[20.388s] -- Configured uncrustify additional arguments: 
[20.389s] -- Added test 'xmllint' to check XML markup files
[20.390s] -- Configuring done
[20.395s] -- Generating done
[20.399s] -- Build files have been written to: /home/npastore/WAChallengeWorkspace/build/merge_arrays
[20.433s] [ 50%] [32mBuilding CXX object CMakeFiles/merge_arrays_node.dir/src/merge_arrays_node.cpp.o[0m
[20.485s] [01m[K/home/npastore/WAChallengeWorkspace/src/merge_arrays/src/merge_arrays_node.cpp:6:10:[m[K [01;31m[Kfatal error: [m[Krclcpp/rclcpp.hpp: No such file or directory
[20.486s]     6 | #include [01;31m[K"rclcpp/rclcpp.hpp"[m[K
[20.486s]       |          [01;31m[K^~~~~~~~~~~~~~~~~~~[m[K
[20.486s] compilation terminated.
[20.488s] gmake[2]: *** [CMakeFiles/merge_arrays_node.dir/build.make:76: CMakeFiles/merge_arrays_node.dir/src/merge_arrays_node.cpp.o] Error 1
[20.489s] gmake[1]: *** [CMakeFiles/Makefile2:137: CMakeFiles/merge_arrays_node.dir/all] Error 2
[20.489s] gmake: *** [Makefile:146: all] Error 2
[20.492s] Invoked command in '/home/npastore/WAChallengeWorkspace/build/merge_arrays' returned '2': CMAKE_PREFIX_PATH=/opt/ros/humble WSLENV=ELECTRON_RUN_AS_NODE/w: /usr/bin/cmake --build /home/npastore/WAChallengeWorkspace/build/merge_arrays -- -j20 -l20
