[0.083s] Invoking command in '/home/npastore/WAChallengeWorkspace/build/merge_arrays': CMAKE_PREFIX_PATH=/opt/ros/humble WSLENV=ELECTRON_RUN_AS_NODE/w: /usr/bin/cmake /home/npastore/WAChallengeWorkspace/src/merge_arrays -DCMAKE_INSTALL_PREFIX=/home/npastore/WAChallengeWorkspace/install/merge_arrays
[0.652s] -- The C compiler identification is GNU 11.4.0
[2.253s] -- The CXX compiler identification is GNU 11.4.0
[3.498s] -- Detecting C compiler ABI info
[3.855s] -- Detecting C compiler ABI info - done
[3.866s] -- Check for working C compiler: /usr/bin/cc - skipped
[3.875s] -- Detecting C compile features
[3.877s] -- Detecting C compile features - done
[3.882s] -- Detecting CXX compiler ABI info
[4.128s] -- Detecting CXX compiler ABI info - done
[4.135s] -- Check for working CXX compiler: /usr/bin/c++ - skipped
[4.135s] -- Detecting CXX compile features
[4.136s] -- Detecting CXX compile features - done
[4.160s] -- Found ament_cmake: 1.3.7 (/opt/ros/humble/share/ament_cmake/cmake)
[4.401s] -- Found Python3: /usr/bin/python3.10 (found version "3.10.12") found components: Interpreter 
[4.620s] -- Found ament_lint_auto: 0.12.10 (/opt/ros/humble/share/ament_lint_auto/cmake)
[4.740s] -- Added test 'cppcheck' to perform static code analysis on C / C++ code
[4.740s] -- Configured cppcheck include dirs: $<BUILD_INTERFACE:/home/npastore/WAChallengeWorkspace/src/merge_arrays/include>
[4.740s] -- Configured cppcheck exclude dirs and/or files: 
[4.742s] -- Added test 'lint_cmake' to check CMake code style
[4.744s] -- Added test 'uncrustify' to check C / C++ code style
[4.744s] -- Configured uncrustify additional arguments: 
[4.745s] -- Added test 'xmllint' to check XML markup files
[4.748s] -- Configuring done
[4.754s] -- Generating done
[4.755s] -- Build files have been written to: /home/npastore/WAChallengeWorkspace/build/merge_arrays
[4.760s] Invoked command in '/home/npastore/WAChallengeWorkspace/build/merge_arrays' returned '0': CMAKE_PREFIX_PATH=/opt/ros/humble WSLENV=ELECTRON_RUN_AS_NODE/w: /usr/bin/cmake /home/npastore/WAChallengeWorkspace/src/merge_arrays -DCMAKE_INSTALL_PREFIX=/home/npastore/WAChallengeWorkspace/install/merge_arrays
[4.764s] Invoking command in '/home/npastore/WAChallengeWorkspace/build/merge_arrays': CMAKE_PREFIX_PATH=/opt/ros/humble WSLENV=ELECTRON_RUN_AS_NODE/w: /usr/bin/cmake --build /home/npastore/WAChallengeWorkspace/build/merge_arrays -- -j20 -l20
[4.817s] [ 50%] [32mBuilding CXX object CMakeFiles/merge_arrays_node.dir/src/merge_arrays_node.cpp.o[0m
[4.879s] [01m[K/home/npastore/WAChallengeWorkspace/src/merge_arrays/src/merge_arrays_node.cpp:6:10:[m[K [01;31m[Kfatal error: [m[Krclcpp/rclcpp.hpp: No such file or directory
[4.879s]     6 | #include [01;31m[K"rclcpp/rclcpp.hpp"[m[K
[4.879s]       |          [01;31m[K^~~~~~~~~~~~~~~~~~~[m[K
[4.879s] compilation terminated.
[4.881s] gmake[2]: *** [CMakeFiles/merge_arrays_node.dir/build.make:76: CMakeFiles/merge_arrays_node.dir/src/merge_arrays_node.cpp.o] Error 1
[4.882s] gmake[1]: *** [CMakeFiles/Makefile2:137: CMakeFiles/merge_arrays_node.dir/all] Error 2
[4.882s] gmake: *** [Makefile:146: all] Error 2
[4.885s] Invoked command in '/home/npastore/WAChallengeWorkspace/build/merge_arrays' returned '2': CMAKE_PREFIX_PATH=/opt/ros/humble WSLENV=ELECTRON_RUN_AS_NODE/w: /usr/bin/cmake --build /home/npastore/WAChallengeWorkspace/build/merge_arrays -- -j20 -l20
