[01m[K/home/npastore/WAChallengeWorkspace/src/merge_arrays/src/arrays_io.cpp:[m[K In member function â€˜[01m[Kvoid arrays_io::output_callback(const Int32MultiArray&)[m[Kâ€™:
[01m[K/home/npastore/WAChallengeWorkspace/src/merge_arrays/src/arrays_io.cpp:30:65:[m[K [01;35m[Kwarning: [m[Kunused parameter â€˜[01m[Karr[m[Kâ€™ [[01;35m[K]8;;https://gcc.gnu.org/onlinedocs/gcc/Warning-Options.html#index-Wunused-parameter-Wunused-parameter]8;;[m[K]
   30 |     void output_callback([01;35m[Kconst std_msgs::msg::Int32MultiArray & arr[m[K){
      |                          [01;35m[K~~~~~~~~~~~~~~~~~~~~~~~~~~~~~~~~~~~~~~~^~~[m[K
[01m[K/home/npastore/WAChallengeWorkspace/src/merge_arrays/src/arrays_io.cpp:[m[K In member function â€˜[01m[Kvoid arrays_io::timer_callback()[m[Kâ€™:
[01m[K/home/npastore/WAChallengeWorkspace/src/merge_arrays/src/arrays_io.cpp:45:7:[m[K [01;31m[Kerror: [m[Kâ€˜[01m[Kmessage[m[Kâ€™ was not declared in this scope
   45 |       [01;31m[Kmessage[m[K.data = "Hello, world! " + std::to_string(count_++);
      |       [01;31m[K^~~~~~~[m[K
[01m[K/home/npastore/WAChallengeWorkspace/src/merge_arrays/src/arrays_io.cpp:47:7:[m[K [01;31m[Kerror: [m[Kâ€˜[01m[Kpublisher_[m[Kâ€™ was not declared in this scope; did you mean â€˜[01m[Krmw_publisher_t[m[Kâ€™?
   47 |       [01;31m[Kpublisher_[m[K->publish(message);
      |       [01;31m[K^~~~~~~~~~[m[K
      |       [32m[Krmw_publisher_t[m[K
gmake[2]: *** [CMakeFiles/arrays_io.dir/build.make:76: CMakeFiles/arrays_io.dir/src/arrays_io.cpp.o] Error 1
gmake[1]: *** [CMakeFiles/Makefile2:165: CMakeFiles/arrays_io.dir/all] Error 2
gmake: *** [Makefile:146: all] Error 2
